<?xml version="1.0" encoding="UTF-8"?>
<!-- Generated by org.testng.reporters.JUnitXMLReporter -->
<testsuite hostname="Shailas-MacBook-Pro.local" ignored="0" name="Default test" tests="5" failures="0" timestamp="28 Jan 2021 06:24:11 GMT" time="48.153" errors="0">
  <testcase name="Test_01" time="0.653" classname="com.training.TestNG_Sales1.Login"/>
  <testcase name="Login_02" time="19.674" classname="com.training.TestNG_Sales1.Login"/>
  <testcase name="Test_03" time="12.077" classname="com.training.TestNG_Sales1.Login"/>
  <testcase name="Test_04" time="5.145" classname="com.training.TestNG_Sales1.Login"/>
  <testcase name="Test_04B" time="3.558" classname="com.training.TestNG_Sales1.Login"/>
</testsuite> <!-- Default test -->
