<?xml version="1.0" encoding="UTF-8"?>
<testsuite xmlns:xsi="http://www.w3.org/2001/XMLSchema-instance" xsi:noNamespaceSchemaLocation="https://maven.apache.org/surefire/maven-surefire-plugin/xsd/surefire-test-report-3.0.xsd" version="3.0" name="TestSuite" time="31.924" tests="5" errors="0" skipped="0" failures="4">
  <properties>
[...]
</properties>
  <testcase name="Test_01[private void com.training.TestNG_Sales1.Login.Test_01(java.lang.reflect.Method,java.lang.String,java.lang.String) throws java.lang.InterruptedException,java.io.IOException, shailahandigol@gmail.com, Hanuman$84](1)" classname="com.training.TestNG_Sales1.Login" time="1.013">
    <system-out><![CDATA[Populating Array
Array population completeshailahandigol@gmail.com
Array population completeHanuman$84
]]></system-out>
    <system-err><![CDATA[SLF4J: Failed to load class "org.slf4j.impl.StaticLoggerBinder".
SLF4J: Defaulting to no-operation (NOP) logger implementation
SLF4J: See http://www.slf4j.org/codes.html#StaticLoggerBinder for further details.
Starting ChromeDriver 88.0.4324.96 (68dba2d8a0b149a1d3afac56fa74648032bcf46b-refs/branch-heads/4324@{#1784}) on port 26007
Only local connections are allowed.
Please see https://chromedriver.chromium.org/security-considerations for suggestions on keeping ChromeDriver safe.
ChromeDriver was started successfully.
Jan 27, 2021 10:51:57 PM org.openqa.selenium.remote.ProtocolHandshake createSession
INFO: Detected dialect: W3C
]]></system-err>
  </testcase>
  <testcase name="Login_02[public void com.training.TestNG_Sales1.Login.Login_02(java.lang.reflect.Method,java.lang.String,java.lang.String) throws java.lang.InterruptedException,java.io.IOException, shailahandigol@gmail.com, Hanuman$84](1)" classname="com.training.TestNG_Sales1.Login" time="0.694">
    <failure message="no such element: Unable to locate element: {&quot;method&quot;:&quot;xpath&quot;,&quot;selector&quot;:&quot;//div[@id=&apos;userNav&apos;]&quot;}&#10;  (Session info: chrome=88.0.4324.96)&#10;For documentation on this error, please visit: https://www.seleniumhq.org/exceptions/no_such_element.html&#10;Build info: version: &apos;3.141.59&apos;, revision: &apos;e82be7d358&apos;, time: &apos;2018-11-14T08:17:03&apos;&#10;System info: host: &apos;Shailas-MacBook-Pro.local&apos;, ip: &apos;fe80:0:0:0:831:6b3e:cedd:2bb2%en0&apos;, os.name: &apos;Mac OS X&apos;, os.arch: &apos;x86_64&apos;, os.version: &apos;10.15.6&apos;, java.version: &apos;1.8.0_271&apos;&#10;Driver info: org.openqa.selenium.chrome.ChromeDriver&#10;Capabilities {acceptInsecureCerts: false, browserName: chrome, browserVersion: 88.0.4324.96, chrome: {chromedriverVersion: 88.0.4324.96 (68dba2d8a0b14..., userDataDir: /var/folders/4l/ccwlkt797b7...}, goog:chromeOptions: {debuggerAddress: localhost:52238}, javascriptEnabled: true, networkConnectionEnabled: false, pageLoadStrategy: normal, platform: MAC, platformName: MAC, proxy: Proxy(), setWindowRect: true, strictFileInteractability: false, timeouts: {implicit: 0, pageLoad: 300000, script: 30000}, unhandledPromptBehavior: dismiss and notify, webauthn:extension:largeBlob: true, webauthn:virtualAuthenticators: true}&#10;Session ID: a09ac841153244caae482d3707bdefa4&#10;*** Element info: {Using=xpath, value=//div[@id=&apos;userNav&apos;]}" type="org.openqa.selenium.NoSuchElementException"><![CDATA[org.openqa.selenium.NoSuchElementException: 
no such element: Unable to locate element: {"method":"xpath","selector":"//div[@id='userNav']"}
  (Session info: chrome=88.0.4324.96)
For documentation on this error, please visit: https://www.seleniumhq.org/exceptions/no_such_element.html
Build info: version: '3.141.59', revision: 'e82be7d358', time: '2018-11-14T08:17:03'
System info: host: 'Shailas-MacBook-Pro.local', ip: 'fe80:0:0:0:831:6b3e:cedd:2bb2%en0', os.name: 'Mac OS X', os.arch: 'x86_64', os.version: '10.15.6', java.version: '1.8.0_271'
Driver info: org.openqa.selenium.chrome.ChromeDriver
Capabilities {acceptInsecureCerts: false, browserName: chrome, browserVersion: 88.0.4324.96, chrome: {chromedriverVersion: 88.0.4324.96 (68dba2d8a0b14..., userDataDir: /var/folders/4l/ccwlkt797b7...}, goog:chromeOptions: {debuggerAddress: localhost:52238}, javascriptEnabled: true, networkConnectionEnabled: false, pageLoadStrategy: normal, platform: MAC, platformName: MAC, proxy: Proxy(), setWindowRect: true, strictFileInteractability: false, timeouts: {implicit: 0, pageLoad: 300000, script: 30000}, unhandledPromptBehavior: dismiss and notify, webauthn:extension:largeBlob: true, webauthn:virtualAuthenticators: true}
Session ID: a09ac841153244caae482d3707bdefa4
*** Element info: {Using=xpath, value=//div[@id='userNav']}
	at com.training.TestNG_Sales1.Login.Login_02(Login.java:121)
]]></failure>
    <system-out><![CDATA[Populating Array
Array population completeshailahandigol@gmail.com
Array population completeHanuman$84
]]></system-out>
  </testcase>
  <testcase name="Test_03[private void com.training.TestNG_Sales1.Login.Test_03(java.lang.reflect.Method,java.lang.String,java.lang.String) throws java.lang.InterruptedException,java.io.IOException, shailahandigol@gmail.com, Hanuman$84](1)" classname="com.training.TestNG_Sales1.Login" time="0.507">
    <failure message="no such element: Unable to locate element: {&quot;method&quot;:&quot;xpath&quot;,&quot;selector&quot;:&quot;//div[@id=&apos;userNav&apos;]&quot;}&#10;  (Session info: chrome=88.0.4324.96)&#10;For documentation on this error, please visit: https://www.seleniumhq.org/exceptions/no_such_element.html&#10;Build info: version: &apos;3.141.59&apos;, revision: &apos;e82be7d358&apos;, time: &apos;2018-11-14T08:17:03&apos;&#10;System info: host: &apos;Shailas-MacBook-Pro.local&apos;, ip: &apos;fe80:0:0:0:831:6b3e:cedd:2bb2%en0&apos;, os.name: &apos;Mac OS X&apos;, os.arch: &apos;x86_64&apos;, os.version: &apos;10.15.6&apos;, java.version: &apos;1.8.0_271&apos;&#10;Driver info: org.openqa.selenium.chrome.ChromeDriver&#10;Capabilities {acceptInsecureCerts: false, browserName: chrome, browserVersion: 88.0.4324.96, chrome: {chromedriverVersion: 88.0.4324.96 (68dba2d8a0b14..., userDataDir: /var/folders/4l/ccwlkt797b7...}, goog:chromeOptions: {debuggerAddress: localhost:52238}, javascriptEnabled: true, networkConnectionEnabled: false, pageLoadStrategy: normal, platform: MAC, platformName: MAC, proxy: Proxy(), setWindowRect: true, strictFileInteractability: false, timeouts: {implicit: 0, pageLoad: 300000, script: 30000}, unhandledPromptBehavior: dismiss and notify, webauthn:extension:largeBlob: true, webauthn:virtualAuthenticators: true}&#10;Session ID: a09ac841153244caae482d3707bdefa4&#10;*** Element info: {Using=xpath, value=//div[@id=&apos;userNav&apos;]}" type="org.openqa.selenium.NoSuchElementException"><![CDATA[org.openqa.selenium.NoSuchElementException: 
no such element: Unable to locate element: {"method":"xpath","selector":"//div[@id='userNav']"}
  (Session info: chrome=88.0.4324.96)
For documentation on this error, please visit: https://www.seleniumhq.org/exceptions/no_such_element.html
Build info: version: '3.141.59', revision: 'e82be7d358', time: '2018-11-14T08:17:03'
System info: host: 'Shailas-MacBook-Pro.local', ip: 'fe80:0:0:0:831:6b3e:cedd:2bb2%en0', os.name: 'Mac OS X', os.arch: 'x86_64', os.version: '10.15.6', java.version: '1.8.0_271'
Driver info: org.openqa.selenium.chrome.ChromeDriver
Capabilities {acceptInsecureCerts: false, browserName: chrome, browserVersion: 88.0.4324.96, chrome: {chromedriverVersion: 88.0.4324.96 (68dba2d8a0b14..., userDataDir: /var/folders/4l/ccwlkt797b7...}, goog:chromeOptions: {debuggerAddress: localhost:52238}, javascriptEnabled: true, networkConnectionEnabled: false, pageLoadStrategy: normal, platform: MAC, platformName: MAC, proxy: Proxy(), setWindowRect: true, strictFileInteractability: false, timeouts: {implicit: 0, pageLoad: 300000, script: 30000}, unhandledPromptBehavior: dismiss and notify, webauthn:extension:largeBlob: true, webauthn:virtualAuthenticators: true}
Session ID: a09ac841153244caae482d3707bdefa4
*** Element info: {Using=xpath, value=//div[@id='userNav']}
	at com.training.TestNG_Sales1.Login.Test_03(Login.java:165)
]]></failure>
    <system-out><![CDATA[Populating Array
Array population completeshailahandigol@gmail.com
Array population completeHanuman$84
]]></system-out>
  </testcase>
  <testcase name="Test_04[private void com.training.TestNG_Sales1.Login.Test_04(java.lang.reflect.Method,java.lang.String,java.lang.String) throws java.lang.InterruptedException, shailahandigol@gmail.com, Hanuman$84](1)" classname="com.training.TestNG_Sales1.Login" time="5.29">
    <failure message="Expected condition failed: waiting for visibility of [[ChromeDriver: chrome on MAC (a09ac841153244caae482d3707bdefa4)] -&gt; id: clear_link] (tried for 5 second(s) with 500 milliseconds interval)&#10;Build info: version: &apos;3.141.59&apos;, revision: &apos;e82be7d358&apos;, time: &apos;2018-11-14T08:17:03&apos;&#10;System info: host: &apos;Shailas-MacBook-Pro.local&apos;, ip: &apos;fe80:0:0:0:831:6b3e:cedd:2bb2%en0&apos;, os.name: &apos;Mac OS X&apos;, os.arch: &apos;x86_64&apos;, os.version: &apos;10.15.6&apos;, java.version: &apos;1.8.0_271&apos;&#10;Driver info: org.openqa.selenium.chrome.ChromeDriver&#10;Capabilities {acceptInsecureCerts: false, browserName: chrome, browserVersion: 88.0.4324.96, chrome: {chromedriverVersion: 88.0.4324.96 (68dba2d8a0b14..., userDataDir: /var/folders/4l/ccwlkt797b7...}, goog:chromeOptions: {debuggerAddress: localhost:52238}, javascriptEnabled: true, networkConnectionEnabled: false, pageLoadStrategy: normal, platform: MAC, platformName: MAC, proxy: Proxy(), setWindowRect: true, strictFileInteractability: false, timeouts: {implicit: 0, pageLoad: 300000, script: 30000}, unhandledPromptBehavior: dismiss and notify, webauthn:extension:largeBlob: true, webauthn:virtualAuthenticators: true}&#10;Session ID: a09ac841153244caae482d3707bdefa4" type="org.openqa.selenium.TimeoutException"><![CDATA[org.openqa.selenium.TimeoutException: 
Expected condition failed: waiting for visibility of [[ChromeDriver: chrome on MAC (a09ac841153244caae482d3707bdefa4)] -> id: clear_link] (tried for 5 second(s) with 500 milliseconds interval)
Build info: version: '3.141.59', revision: 'e82be7d358', time: '2018-11-14T08:17:03'
System info: host: 'Shailas-MacBook-Pro.local', ip: 'fe80:0:0:0:831:6b3e:cedd:2bb2%en0', os.name: 'Mac OS X', os.arch: 'x86_64', os.version: '10.15.6', java.version: '1.8.0_271'
Driver info: org.openqa.selenium.chrome.ChromeDriver
Capabilities {acceptInsecureCerts: false, browserName: chrome, browserVersion: 88.0.4324.96, chrome: {chromedriverVersion: 88.0.4324.96 (68dba2d8a0b14..., userDataDir: /var/folders/4l/ccwlkt797b7...}, goog:chromeOptions: {debuggerAddress: localhost:52238}, javascriptEnabled: true, networkConnectionEnabled: false, pageLoadStrategy: normal, platform: MAC, platformName: MAC, proxy: Proxy(), setWindowRect: true, strictFileInteractability: false, timeouts: {implicit: 0, pageLoad: 300000, script: 30000}, unhandledPromptBehavior: dismiss and notify, webauthn:extension:largeBlob: true, webauthn:virtualAuthenticators: true}
Session ID: a09ac841153244caae482d3707bdefa4
	at com.training.TestNG_Sales1.Login.Test_04(Login.java:203)
]]></failure>
    <system-out><![CDATA[Populating Array
Array population completeshailahandigol@gmail.com
Array population completeHanuman$84
]]></system-out>
  </testcase>
  <testcase name="Test_04B[private void com.training.TestNG_Sales1.Login.Test_04B(java.lang.reflect.Method) throws java.lang.InterruptedException,java.io.IOException](1)" classname="com.training.TestNG_Sales1.Login" time="5.237">
    <failure message="Expected condition failed: waiting for visibility of [[ChromeDriver: chrome on MAC (a09ac841153244caae482d3707bdefa4)] -&gt; id: clear_link] (tried for 5 second(s) with 500 milliseconds interval)&#10;Build info: version: &apos;3.141.59&apos;, revision: &apos;e82be7d358&apos;, time: &apos;2018-11-14T08:17:03&apos;&#10;System info: host: &apos;Shailas-MacBook-Pro.local&apos;, ip: &apos;fe80:0:0:0:831:6b3e:cedd:2bb2%en0&apos;, os.name: &apos;Mac OS X&apos;, os.arch: &apos;x86_64&apos;, os.version: &apos;10.15.6&apos;, java.version: &apos;1.8.0_271&apos;&#10;Driver info: org.openqa.selenium.chrome.ChromeDriver&#10;Capabilities {acceptInsecureCerts: false, browserName: chrome, browserVersion: 88.0.4324.96, chrome: {chromedriverVersion: 88.0.4324.96 (68dba2d8a0b14..., userDataDir: /var/folders/4l/ccwlkt797b7...}, goog:chromeOptions: {debuggerAddress: localhost:52238}, javascriptEnabled: true, networkConnectionEnabled: false, pageLoadStrategy: normal, platform: MAC, platformName: MAC, proxy: Proxy(), setWindowRect: true, strictFileInteractability: false, timeouts: {implicit: 0, pageLoad: 300000, script: 30000}, unhandledPromptBehavior: dismiss and notify, webauthn:extension:largeBlob: true, webauthn:virtualAuthenticators: true}&#10;Session ID: a09ac841153244caae482d3707bdefa4" type="org.openqa.selenium.TimeoutException"><![CDATA[org.openqa.selenium.TimeoutException: 
Expected condition failed: waiting for visibility of [[ChromeDriver: chrome on MAC (a09ac841153244caae482d3707bdefa4)] -> id: clear_link] (tried for 5 second(s) with 500 milliseconds interval)
Build info: version: '3.141.59', revision: 'e82be7d358', time: '2018-11-14T08:17:03'
System info: host: 'Shailas-MacBook-Pro.local', ip: 'fe80:0:0:0:831:6b3e:cedd:2bb2%en0', os.name: 'Mac OS X', os.arch: 'x86_64', os.version: '10.15.6', java.version: '1.8.0_271'
Driver info: org.openqa.selenium.chrome.ChromeDriver
Capabilities {acceptInsecureCerts: false, browserName: chrome, browserVersion: 88.0.4324.96, chrome: {chromedriverVersion: 88.0.4324.96 (68dba2d8a0b14..., userDataDir: /var/folders/4l/ccwlkt797b7...}, goog:chromeOptions: {debuggerAddress: localhost:52238}, javascriptEnabled: true, networkConnectionEnabled: false, pageLoadStrategy: normal, platform: MAC, platformName: MAC, proxy: Proxy(), setWindowRect: true, strictFileInteractability: false, timeouts: {implicit: 0, pageLoad: 300000, script: 30000}, unhandledPromptBehavior: dismiss and notify, webauthn:extension:largeBlob: true, webauthn:virtualAuthenticators: true}
Session ID: a09ac841153244caae482d3707bdefa4
	at com.training.TestNG_Sales1.Login.Test_04B(Login.java:245)
]]></failure>
  </testcase>
</testsuite>